0 info it worked if it ends with ok
1 verbose cli [ 'C:\\Program Files (x86)\\nodejs\\\\node.exe',
1 verbose cli   'C:\\Program Files (x86)\\nodejs\\node_modules\\npm\\bin\\npm-cli.js',
1 verbose cli   'install',
1 verbose cli   'jake' ]
2 info using npm@2.10.1
3 info using node@v0.12.4
4 verbose install initial load of C:\Users\gwaylett\Downloads\how_to_tabs-episode10\how_to_tabs-episode10\package.json
5 verbose installManyTop reading scoped package data from C:\Users\gwaylett\Downloads\how_to_tabs-episode10\how_to_tabs-episode10\node_modules\http-server\package.json
6 verbose installManyTop reading scoped package data from C:\Users\gwaylett\Downloads\how_to_tabs-episode10\how_to_tabs-episode10\node_modules\jake\package.json
7 verbose installManyTop reading scoped package data from C:\Users\gwaylett\Downloads\how_to_tabs-episode10\how_to_tabs-episode10\node_modules\jshint\package.json
8 verbose installManyTop reading scoped package data from C:\Users\gwaylett\Downloads\how_to_tabs-episode10\how_to_tabs-episode10\node_modules\semver\package.json
9 verbose installManyTop reading scoped package data from C:\Users\gwaylett\Downloads\how_to_tabs-episode10\how_to_tabs-episode10\node_modules\simplebuild-jshint\package.json
10 info package.json http-server@0.8.0 No license field.
11 info package.json jake@8.0.12 No license field.
12 verbose readDependencies loading dependencies from C:\Users\gwaylett\Downloads\how_to_tabs-episode10\how_to_tabs-episode10\package.json
13 verbose install jake is installed as 8.0.12
14 silly cache add args [ 'jake', null ]
15 verbose cache add spec jake
16 silly cache add parsed spec { raw: 'jake',
16 silly cache add   scope: null,
16 silly cache add   name: 'jake',
16 silly cache add   rawSpec: '',
16 silly cache add   spec: '*',
16 silly cache add   type: 'range' }
17 silly addNamed jake@*
18 verbose addNamed "*" is a valid semver range for jake
19 silly addNameRange { name: 'jake', range: '*', hasData: false }
20 silly mapToRegistry name jake
21 silly mapToRegistry using default registry
22 silly mapToRegistry registry https://registry.npmjs.org/
23 silly mapToRegistry uri https://registry.npmjs.org/jake
24 verbose addNameRange registry:https://registry.npmjs.org/jake not in flight; fetching
25 verbose request uri https://registry.npmjs.org/jake
26 verbose request always-auth set; sending authorization
27 info attempt registry request try #1 at 3:45:43 PM
28 info retry will retry, error on last attempt: Error: This request requires auth credentials. Run `npm login` and repeat the request.
29 info attempt registry request try #2 at 3:45:53 PM
30 info retry will retry, error on last attempt: Error: This request requires auth credentials. Run `npm login` and repeat the request.
31 info attempt registry request try #3 at 3:46:53 PM
32 verbose stack Error: This request requires auth credentials. Run `npm login` and repeat the request.
32 verbose stack     at CachingRegistryClient.authify (C:\Program Files (x86)\nodejs\node_modules\npm\node_modules\npm-registry-client\lib\authify.js:17:14)
32 verbose stack     at CachingRegistryClient.makeRequest (C:\Program Files (x86)\nodejs\node_modules\npm\node_modules\npm-registry-client\lib\request.js:101:17)
32 verbose stack     at C:\Program Files (x86)\nodejs\node_modules\npm\node_modules\npm-registry-client\lib\request.js:65:17
32 verbose stack     at RetryOperation._fn (C:\Program Files (x86)\nodejs\node_modules\npm\node_modules\npm-registry-client\lib\attempt.js:18:5)
32 verbose stack     at null._onTimeout (C:\Program Files (x86)\nodejs\node_modules\npm\node_modules\retry\lib\retry_operation.js:32:10)
32 verbose stack     at Timer.listOnTimeout (timers.js:110:15)
33 verbose cwd C:\Users\gwaylett\Downloads\how_to_tabs-episode10\how_to_tabs-episode10
34 error Windows_NT 6.3.9600
35 error argv "C:\\Program Files (x86)\\nodejs\\\\node.exe" "C:\\Program Files (x86)\\nodejs\\node_modules\\npm\\bin\\npm-cli.js" "install" "jake"
36 error node v0.12.4
37 error npm  v2.10.1
38 error This request requires auth credentials. Run `npm login` and repeat the request.
39 error If you need help, you may report this error at:
39 error     <https://github.com/npm/npm/issues>
40 verbose exit [ 1, true ]
